<?xml version="1.0" encoding="UTF-8"?>
<!-- Generated by org.testng.reporters.JUnitXMLReporter -->
<testsuite hostname="DESKTOP-HEAJH3M" ignored="0" tests="4" failures="0" timestamp="2021-12-01T15:04:42 IST" time="18.398" errors="0">
  <testcase name="loginToGrafana" time="4.554" classname="WebTests"/>
  <testcase name="addNewUser" time="2.138" classname="WebTests"/>
  <testcase name="checkNumberOfAllPlugins" time="3.829" classname="WebTests"/>
  <testcase name="deleteUser" time="1.397" classname="WebTests"/>
</testsuite>
