<?xml version="1.0" encoding="UTF-8"?>
<testsuite xmlns:xsi="http://www.w3.org/2001/XMLSchema-instance" xsi:noNamespaceSchemaLocation="https://maven.apache.org/surefire/maven-surefire-plugin/xsd/surefire-test-report.xsd" name="TestSuite" time="20.945" tests="4" errors="0" skipped="0" failures="0">
  <properties>
[...]
</properties>
  <testcase name="loginToGrafana" classname="WebTests" time="4.686"/>
  <testcase name="addNewUser" classname="WebTests" time="2.266"/>
  <testcase name="checkNumberOfAllPlugins" classname="WebTests" time="3.907"/>
  <testcase name="deleteUser" classname="WebTests" time="1.522"/>
</testsuite>